17:59:04.078 [main] INFO  io.redit.execution.RuntimeEngine - Waiting for event E1 ...
---------producer exception------------
17:59:04.225 [main] INFO  io.redit.execution.RuntimeEngine - Sending test case event E1 ...
17:59:04.565 [qtp1742920067-14] INFO  io.redit.execution.EventService - Event E1 received!
17:59:04.565 [main] INFO  io.redit.execution.RuntimeEngine - Waiting for event E2 ...
java.lang.Exception: Not connected: java.lang.SecurityException: User name [admin] or password is invalid.
	at org.apache.activemq.security.SimpleAuthenticationBroker.authenticate(SimpleAuthenticationBroker.java:103)
	at org.apache.activemq.security.SimpleAuthenticationBroker.addConnection(SimpleAuthenticationBroker.java:71)
	at org.apache.activemq.broker.BrokerFilter.addConnection(BrokerFilter.java:99)
	at org.apache.activemq.broker.TransportConnection.processAddConnection(TransportConnection.java:849)
	at org.apache.activemq.broker.jmx.ManagedTransportConnection.processAddConnection(ManagedTransportConnection.java:77)
	at org.apache.activemq.command.ConnectionInfo.visit(ConnectionInfo.java:139)
	at org.apache.activemq.broker.TransportConnection.service(TransportConnection.java:336)
	at org.apache.activemq.broker.TransportConnection$1.onCommand(TransportConnection.java:200)
	at org.apache.activemq.transport.MutexTransport.onCommand(MutexTransport.java:45)
	at org.apache.activemq.transport.AbstractInactivityMonitor.onCommand(AbstractInactivityMonitor.java:301)
	at org.apache.activemq.transport.stomp.StompTransportFilter.sendToActiveMQ(StompTransportFilter.java:97)
	at org.apache.activemq.transport.stomp.ProtocolConverter.sendToActiveMQ(ProtocolConverter.java:203)
	at org.apache.activemq.transport.stomp.ProtocolConverter.onStompConnect(ProtocolConverter.java:776)
	at org.apache.activemq.transport.stomp.ProtocolConverter.onStompCommand(ProtocolConverter.java:266)
	at org.apache.activemq.transport.stomp.StompTransportFilter.onCommand(StompTransportFilter.java:85)
	at org.apache.activemq.transport.TransportSupport.doConsume(TransportSupport.java:83)
	at org.apache.activemq.transport.tcp.TcpTransport.doRun(TcpTransport.java:233)
	at org.apache.activemq.transport.tcp.TcpTransport.run(TcpTransport.java:215)
	at java.lang.Thread.run(Thread.java:748)

	at org.apache.activemq.transport.stomp.StompConnection.connect(StompConnection.java:141)
	at org.apache.activemq.transport.stomp.StompConnection.connect(StompConnection.java:132)
	at org.apache.activemq.transport.stomp.StompConnection.connect(StompConnection.java:122)
	at io.redit.samples.activemq8252.SampleTest.testStompConsumer(SampleTest.java:84)
	at io.redit.samples.activemq8252.SampleTest.lambda$sampleTest$1(SampleTest.java:50)
17:59:04.593 [main] INFO  io.redit.execution.RuntimeEngine - Sending test case event E2 ...
	at io.redit.execution.RuntimeEngine.enforceOrder(RuntimeEngine.java:317)
	at io.redit.execution.RuntimeEngine.enforceOrder(RuntimeEngine.java:300)
	at io.redit.samples.activemq8252.SampleTest.sampleTest(SampleTest.java:48)
	at sun.reflect.NativeMethodAccessorImpl.invoke0(Native Method)
	at sun.reflect.NativeMethodAccessorImpl.invoke(NativeMethodAccessorImpl.java:62)
	at sun.reflect.DelegatingMethodAccessorImpl.invoke(DelegatingMethodAccessorImpl.java:43)
	at java.lang.reflect.Method.invoke(Method.java:498)
	at org.junit.runners.model.FrameworkMethod$1.runReflectiveCall(FrameworkMethod.java:50)
	at org.junit.internal.runners.model.ReflectiveCallable.run(ReflectiveCallable.java:12)
	at org.junit.runners.model.FrameworkMethod.invokeExplosively(FrameworkMethod.java:47)
	at org.junit.internal.runners.statements.InvokeMethod.evaluate(InvokeMethod.java:17)
	at org.junit.runners.ParentRunner.runLeaf(ParentRunner.java:325)
	at org.junit.runners.BlockJUnit4ClassRunner.runChild(BlockJUnit4ClassRunner.java:78)
	at org.junit.runners.BlockJUnit4ClassRunner.runChild(BlockJUnit4ClassRunner.java:57)
	at org.junit.runners.ParentRunner$3.run(ParentRunner.java:290)
	at org.junit.runners.ParentRunner$1.schedule(ParentRunner.java:71)
	at org.junit.runners.ParentRunner.runChildren(ParentRunner.java:288)
	at org.junit.runners.ParentRunner.access$000(ParentRunner.java:58)
	at org.junit.runners.ParentRunner$2.evaluate(ParentRunner.java:268)
	at org.junit.internal.runners.statements.RunBefores.evaluate(RunBefores.java:26)
	at org.junit.internal.runners.statements.RunAfters.evaluate(RunAfters.java:27)
	at org.junit.runners.ParentRunner.run(ParentRunner.java:363)
	at org.junit.runner.JUnitCore.run(JUnitCore.java:137)
	at com.intellij.junit4.JUnit4IdeaTestRunner.startRunnerWithArgs(JUnit4IdeaTestRunner.java:69)
	at com.intellij.rt.junit.IdeaTestRunner$Repeater.startRunnerWithArgs(IdeaTestRunner.java:33)
	at com.intellij.rt.junit.JUnitStarter.prepareStreamsAndStart(JUnitStarter.java:220)
	at com.intellij.rt.junit.JUnitStarter.main(JUnitStarter.java:53)
17:59:04.601 [qtp1742920067-14] INFO  io.redit.execution.EventService - Event E2 received!
17:59:06.602 [main] INFO  io.redit.execution.RuntimeEngine - The run sequence is completed!
17:59:06.602 [main] INFO  i.r.samples.activemq8252.SampleTest - completed !!!
